[2022-04-12T15:31:45.214] [INFO] infoFile - ::1 - - "GET / HTTP/1.1" 302 54 "" "Mozilla/5.0 (Windows NT 10.0; Win64; x64) AppleWebKit/537.36 (KHTML, like Gecko) Chrome/100.0.4896.75 Safari/537.36"
[2022-04-12T15:31:45.221] [INFO] infoFile - ::1 - - "GET /home HTTP/1.1" 302 56 "" "Mozilla/5.0 (Windows NT 10.0; Win64; x64) AppleWebKit/537.36 (KHTML, like Gecko) Chrome/100.0.4896.75 Safari/537.36"
[2022-04-12T15:31:45.230] [INFO] infoFile - ::1 - - "GET /login HTTP/1.1" 200 1523 "" "Mozilla/5.0 (Windows NT 10.0; Win64; x64) AppleWebKit/537.36 (KHTML, like Gecko) Chrome/100.0.4896.75 Safari/537.36"
[2022-04-12T15:31:45.262] [INFO] infoFile - ::1 - - "GET /css/estilos.css HTTP/1.1" 404 154 "http://localhost:8080/login" "Mozilla/5.0 (Windows NT 10.0; Win64; x64) AppleWebKit/537.36 (KHTML, like Gecko) Chrome/100.0.4896.75 Safari/537.36"
[2022-04-12T15:31:57.218] [INFO] infoFile - ::1 - - "GET /info/?compress=true. HTTP/1.1" 200 1730 "" "Mozilla/5.0 (Windows NT 10.0; Win64; x64) AppleWebKit/537.36 (KHTML, like Gecko) Chrome/100.0.4896.75 Safari/537.36"
[2022-04-12T15:33:05.012] [INFO] infoFile - ::1 - - "GET /info/?compress=true. HTTP/1.1" 200 1731 "" "Mozilla/5.0 (Windows NT 10.0; Win64; x64) AppleWebKit/537.36 (KHTML, like Gecko) Chrome/100.0.4896.75 Safari/537.36"
[2022-04-12T15:42:13.568] [INFO] infoFile - ::1 - - "GET /ramdon HTTP/1.1" 404 145 "" "Mozilla/5.0 (Windows NT 10.0; Win64; x64) AppleWebKit/537.36 (KHTML, like Gecko) Chrome/100.0.4896.75 Safari/537.36"
[2022-04-12T15:42:32.459] [INFO] infoFile - ::1 - - "GET /ramdon/70 HTTP/1.1" 404 148 "" "Mozilla/5.0 (Windows NT 10.0; Win64; x64) AppleWebKit/537.36 (KHTML, like Gecko) Chrome/100.0.4896.75 Safari/537.36"
[2022-04-12T15:42:38.634] [INFO] infoFile - ::1 - - "GET /randon/70 HTTP/1.1" 404 148 "" "Mozilla/5.0 (Windows NT 10.0; Win64; x64) AppleWebKit/537.36 (KHTML, like Gecko) Chrome/100.0.4896.75 Safari/537.36"
[2022-04-12T15:42:59.847] [INFO] infoFile - undefined - - "GET /random/70 HTTP/1.1" 200 - "" "Mozilla/5.0 (Windows NT 10.0; Win64; x64) AppleWebKit/537.36 (KHTML, like Gecko) Chrome/100.0.4896.75 Safari/537.36"
[2022-04-12T15:43:00.617] [INFO] infoFile - ::1 - - "GET /randon/70 HTTP/1.1" 404 148 "" "Mozilla/5.0 (Windows NT 10.0; Win64; x64) AppleWebKit/537.36 (KHTML, like Gecko) Chrome/100.0.4896.75 Safari/537.36"
[2022-04-12T15:43:03.978] [INFO] infoFile - ::1 - - "GET /randon/3 HTTP/1.1" 404 147 "" "Mozilla/5.0 (Windows NT 10.0; Win64; x64) AppleWebKit/537.36 (KHTML, like Gecko) Chrome/100.0.4896.75 Safari/537.36"
[2022-04-12T15:43:56.743] [INFO] infoFile - undefined - - "GET /random/3 HTTP/1.1" 200 - "" "Mozilla/5.0 (Windows NT 10.0; Win64; x64) AppleWebKit/537.36 (KHTML, like Gecko) Chrome/100.0.4896.75 Safari/537.36"
[2022-04-12T15:43:57.186] [INFO] infoFile - ::1 - - "GET /randon/3 HTTP/1.1" 404 147 "" "Mozilla/5.0 (Windows NT 10.0; Win64; x64) AppleWebKit/537.36 (KHTML, like Gecko) Chrome/100.0.4896.75 Safari/537.36"
[2022-04-12T15:44:00.062] [INFO] infoFile - ::1 - - "GET / HTTP/1.1" 302 54 "" "Mozilla/5.0 (Windows NT 10.0; Win64; x64) AppleWebKit/537.36 (KHTML, like Gecko) Chrome/100.0.4896.75 Safari/537.36"
[2022-04-12T15:44:00.068] [INFO] infoFile - ::1 - - "GET /home HTTP/1.1" 302 56 "" "Mozilla/5.0 (Windows NT 10.0; Win64; x64) AppleWebKit/537.36 (KHTML, like Gecko) Chrome/100.0.4896.75 Safari/537.36"
[2022-04-12T15:44:00.074] [INFO] infoFile - ::1 - - "GET /login HTTP/1.1" 304 - "" "Mozilla/5.0 (Windows NT 10.0; Win64; x64) AppleWebKit/537.36 (KHTML, like Gecko) Chrome/100.0.4896.75 Safari/537.36"
[2022-04-12T15:44:00.101] [INFO] infoFile - ::1 - - "GET /css/estilos.css HTTP/1.1" 404 154 "http://localhost:8080/login" "Mozilla/5.0 (Windows NT 10.0; Win64; x64) AppleWebKit/537.36 (KHTML, like Gecko) Chrome/100.0.4896.75 Safari/537.36"
[2022-04-12T15:45:32.934] [INFO] infoFile - undefined - - "GET /random/3 HTTP/1.1" 200 - "" "Artillery (https://artillery.io)"
[2022-04-12T15:45:32.939] [INFO] infoFile - undefined - - "GET /random/3 HTTP/1.1" 200 - "" "Artillery (https://artillery.io)"
[2022-04-12T15:45:32.946] [INFO] infoFile - undefined - - "GET /random/3 HTTP/1.1" 200 - "" "Artillery (https://artillery.io)"
[2022-04-12T15:45:32.977] [INFO] infoFile - undefined - - "GET /random/3 HTTP/1.1" 200 - "" "Artillery (https://artillery.io)"
[2022-04-12T15:45:32.992] [INFO] infoFile - undefined - - "GET /random/3 HTTP/1.1" 200 - "" "Artillery (https://artillery.io)"
[2022-04-12T15:45:33.007] [INFO] infoFile - undefined - - "GET /random/3 HTTP/1.1" 200 - "" "Artillery (https://artillery.io)"
[2022-04-12T15:45:33.024] [INFO] infoFile - undefined - - "GET /random/3 HTTP/1.1" 200 - "" "Artillery (https://artillery.io)"
[2022-04-12T15:45:33.056] [INFO] infoFile - undefined - - "GET /random/3 HTTP/1.1" 200 - "" "Artillery (https://artillery.io)"
[2022-04-12T15:45:33.072] [INFO] infoFile - undefined - - "GET /random/3 HTTP/1.1" 200 - "" "Artillery (https://artillery.io)"
[2022-04-12T15:45:33.087] [INFO] infoFile - undefined - - "GET /random/3 HTTP/1.1" 200 - "" "Artillery (https://artillery.io)"
[2022-04-12T15:45:33.119] [INFO] infoFile - undefined - - "GET /random/3 HTTP/1.1" 200 - "" "Artillery (https://artillery.io)"
[2022-04-12T15:45:33.135] [INFO] infoFile - undefined - - "GET /random/3 HTTP/1.1" 200 - "" "Artillery (https://artillery.io)"
[2022-04-12T15:45:33.151] [INFO] infoFile - undefined - - "GET /random/3 HTTP/1.1" 200 - "" "Artillery (https://artillery.io)"
[2022-04-12T15:45:33.167] [INFO] infoFile - undefined - - "GET /random/3 HTTP/1.1" 200 - "" "Artillery (https://artillery.io)"
[2022-04-12T15:45:33.199] [INFO] infoFile - undefined - - "GET /random/3 HTTP/1.1" 200 - "" "Artillery (https://artillery.io)"
[2022-04-12T15:45:33.217] [INFO] infoFile - undefined - - "GET /random/3 HTTP/1.1" 200 - "" "Artillery (https://artillery.io)"
[2022-04-12T15:45:33.233] [INFO] infoFile - undefined - - "GET /random/3 HTTP/1.1" 200 - "" "Artillery (https://artillery.io)"
[2022-04-12T15:45:33.248] [INFO] infoFile - undefined - - "GET /random/3 HTTP/1.1" 200 - "" "Artillery (https://artillery.io)"
[2022-04-12T15:45:33.279] [INFO] infoFile - undefined - - "GET /random/3 HTTP/1.1" 200 - "" "Artillery (https://artillery.io)"
[2022-04-12T15:45:33.294] [INFO] infoFile - undefined - - "GET /random/3 HTTP/1.1" 200 - "" "Artillery (https://artillery.io)"
[2022-04-12T15:45:33.310] [INFO] infoFile - undefined - - "GET /random/3 HTTP/1.1" 200 - "" "Artillery (https://artillery.io)"
[2022-04-12T15:45:33.325] [INFO] infoFile - undefined - - "GET /random/3 HTTP/1.1" 200 - "" "Artillery (https://artillery.io)"
[2022-04-12T15:45:33.357] [INFO] infoFile - undefined - - "GET /random/3 HTTP/1.1" 200 - "" "Artillery (https://artillery.io)"
[2022-04-12T15:45:33.373] [INFO] infoFile - undefined - - "GET /random/3 HTTP/1.1" 200 - "" "Artillery (https://artillery.io)"
[2022-04-12T15:45:33.388] [INFO] infoFile - undefined - - "GET /random/3 HTTP/1.1" 200 - "" "Artillery (https://artillery.io)"
[2022-04-12T15:45:33.419] [INFO] infoFile - undefined - - "GET /random/3 HTTP/1.1" 200 - "" "Artillery (https://artillery.io)"
[2022-04-12T15:45:33.434] [INFO] infoFile - undefined - - "GET /random/3 HTTP/1.1" 200 - "" "Artillery (https://artillery.io)"
[2022-04-12T15:45:33.450] [INFO] infoFile - undefined - - "GET /random/3 HTTP/1.1" 200 - "" "Artillery (https://artillery.io)"
[2022-04-12T15:45:33.466] [INFO] infoFile - undefined - - "GET /random/3 HTTP/1.1" 200 - "" "Artillery (https://artillery.io)"
[2022-04-12T15:45:33.498] [INFO] infoFile - undefined - - "GET /random/3 HTTP/1.1" 200 - "" "Artillery (https://artillery.io)"
[2022-04-12T15:45:33.516] [INFO] infoFile - undefined - - "GET /random/3 HTTP/1.1" 200 - "" "Artillery (https://artillery.io)"
[2022-04-12T15:45:33.534] [INFO] infoFile - undefined - - "GET /random/3 HTTP/1.1" 200 - "" "Artillery (https://artillery.io)"
[2022-04-12T15:45:33.546] [INFO] infoFile - undefined - - "GET /random/3 HTTP/1.1" 200 - "" "Artillery (https://artillery.io)"
[2022-04-12T15:45:33.578] [INFO] infoFile - undefined - - "GET /random/3 HTTP/1.1" 200 - "" "Artillery (https://artillery.io)"
[2022-04-12T15:45:33.594] [INFO] infoFile - undefined - - "GET /random/3 HTTP/1.1" 200 - "" "Artillery (https://artillery.io)"
[2022-04-12T15:45:33.609] [INFO] infoFile - undefined - - "GET /random/3 HTTP/1.1" 200 - "" "Artillery (https://artillery.io)"
[2022-04-12T15:45:33.625] [INFO] infoFile - undefined - - "GET /random/3 HTTP/1.1" 200 - "" "Artillery (https://artillery.io)"
[2022-04-12T15:45:33.656] [INFO] infoFile - undefined - - "GET /random/3 HTTP/1.1" 200 - "" "Artillery (https://artillery.io)"
[2022-04-12T15:45:33.671] [INFO] infoFile - undefined - - "GET /random/3 HTTP/1.1" 200 - "" "Artillery (https://artillery.io)"
[2022-04-12T15:45:33.687] [INFO] infoFile - undefined - - "GET /random/3 HTTP/1.1" 200 - "" "Artillery (https://artillery.io)"
[2022-04-12T15:45:33.718] [INFO] infoFile - undefined - - "GET /random/3 HTTP/1.1" 200 - "" "Artillery (https://artillery.io)"
[2022-04-12T15:45:33.734] [INFO] infoFile - undefined - - "GET /random/3 HTTP/1.1" 200 - "" "Artillery (https://artillery.io)"
[2022-04-12T15:45:33.750] [INFO] infoFile - undefined - - "GET /random/3 HTTP/1.1" 200 - "" "Artillery (https://artillery.io)"
[2022-04-12T15:45:33.766] [INFO] infoFile - undefined - - "GET /random/3 HTTP/1.1" 200 - "" "Artillery (https://artillery.io)"
[2022-04-12T15:45:33.796] [INFO] infoFile - undefined - - "GET /random/3 HTTP/1.1" 200 - "" "Artillery (https://artillery.io)"
[2022-04-12T15:45:33.811] [INFO] infoFile - undefined - - "GET /random/3 HTTP/1.1" 200 - "" "Artillery (https://artillery.io)"
[2022-04-12T15:45:33.827] [INFO] infoFile - undefined - - "GET /random/3 HTTP/1.1" 200 - "" "Artillery (https://artillery.io)"
[2022-04-12T15:45:33.857] [INFO] infoFile - undefined - - "GET /random/3 HTTP/1.1" 200 - "" "Artillery (https://artillery.io)"
[2022-04-12T15:45:33.874] [INFO] infoFile - undefined - - "GET /random/3 HTTP/1.1" 200 - "" "Artillery (https://artillery.io)"
[2022-04-12T15:45:33.889] [INFO] infoFile - undefined - - "GET /random/3 HTTP/1.1" 200 - "" "Artillery (https://artillery.io)"
